conda 23.5.2 is initialized
/projects/cpr_software/apps/condaenvs/23.5.2/SE3nv/lib/python3.9/site-packages/hydra/_internal/defaults_list.py:251: UserWarning: In 'symmetry': Defaults list is missing `_self_`. See https://hydra.cc/docs/1.2/upgrades/1.0_to_1.1/default_composition_order for more information
  warnings.warn(msg, UserWarning)
[2024-08-30 20:43:04,231][__main__][INFO] - Found GPU with device_name NVIDIA A100-SXM4-80GB. Will run RFdiffusion on NVIDIA A100-SXM4-80GB
Reading models from /maps/projects/cpr_software/apps/software-src/RFdiffusion/rfdiffusion/inference/../../models
[2024-08-30 20:43:04,231][rfdiffusion.inference.model_runners][INFO] - Reading checkpoint from /maps/projects/cpr_software/apps/software-src/RFdiffusion/rfdiffusion/inference/../../models/Complex_base_ckpt.pt
This is inf_conf.ckpt_path
/maps/projects/cpr_software/apps/software-src/RFdiffusion/rfdiffusion/inference/../../models/Complex_base_ckpt.pt
Assembling -model, -diffuser and -preprocess configs from checkpoint
USING MODEL CONFIG: self._conf[model][n_extra_block] = 4
USING MODEL CONFIG: self._conf[model][n_main_block] = 32
USING MODEL CONFIG: self._conf[model][n_ref_block] = 4
USING MODEL CONFIG: self._conf[model][d_msa] = 256
USING MODEL CONFIG: self._conf[model][d_msa_full] = 64
USING MODEL CONFIG: self._conf[model][d_pair] = 128
USING MODEL CONFIG: self._conf[model][d_templ] = 64
USING MODEL CONFIG: self._conf[model][n_head_msa] = 8
USING MODEL CONFIG: self._conf[model][n_head_pair] = 4
USING MODEL CONFIG: self._conf[model][n_head_templ] = 4
USING MODEL CONFIG: self._conf[model][d_hidden] = 32
USING MODEL CONFIG: self._conf[model][d_hidden_templ] = 32
USING MODEL CONFIG: self._conf[model][p_drop] = 0.15
USING MODEL CONFIG: self._conf[model][SE3_param_full] = {'num_layers': 1, 'num_channels': 32, 'num_degrees': 2, 'n_heads': 4, 'div': 4, 'l0_in_features': 8, 'l0_out_features': 8, 'l1_in_features': 3, 'l1_out_features': 2, 'num_edge_features': 32}
USING MODEL CONFIG: self._conf[model][SE3_param_topk] = {'num_layers': 1, 'num_channels': 32, 'num_degrees': 2, 'n_heads': 4, 'div': 4, 'l0_in_features': 64, 'l0_out_features': 64, 'l1_in_features': 3, 'l1_out_features': 2, 'num_edge_features': 64}
USING MODEL CONFIG: self._conf[model][freeze_track_motif] = False
USING MODEL CONFIG: self._conf[model][use_motif_timestep] = True
USING MODEL CONFIG: self._conf[diffuser][T] = 50
USING MODEL CONFIG: self._conf[diffuser][b_0] = 0.01
USING MODEL CONFIG: self._conf[diffuser][b_T] = 0.07
USING MODEL CONFIG: self._conf[diffuser][schedule_type] = linear
USING MODEL CONFIG: self._conf[diffuser][so3_type] = igso3
USING MODEL CONFIG: self._conf[diffuser][crd_scale] = 0.25
USING MODEL CONFIG: self._conf[diffuser][so3_schedule_type] = linear
USING MODEL CONFIG: self._conf[diffuser][min_b] = 1.5
USING MODEL CONFIG: self._conf[diffuser][max_b] = 2.5
USING MODEL CONFIG: self._conf[diffuser][min_sigma] = 0.02
USING MODEL CONFIG: self._conf[diffuser][max_sigma] = 1.5
USING MODEL CONFIG: self._conf[preprocess][sidechain_input] = False
USING MODEL CONFIG: self._conf[preprocess][motif_sidechain_input] = True
USING MODEL CONFIG: self._conf[preprocess][d_t1d] = 24
USING MODEL CONFIG: self._conf[preprocess][d_t2d] = 44
USING MODEL CONFIG: self._conf[preprocess][prob_self_cond] = 0.5
USING MODEL CONFIG: self._conf[preprocess][str_self_cond] = True
USING MODEL CONFIG: self._conf[preprocess][predict_previous] = False
[2024-08-30 20:43:07,603][rfdiffusion.inference.model_runners][INFO] - Loading checkpoint.
[2024-08-30 20:43:10,513][rfdiffusion.diffusion][INFO] - Using cached IGSO3.
Successful diffuser __init__
[2024-08-30 20:43:10,519][rfdiffusion.inference.symmetry][INFO] - Initializing cyclic symmetry order 2.
[2024-08-30 20:43:10,632][__main__][INFO] - Making design /projects/cpr_sbmm/people/phr361/PDcomp/RF_diff/att1/C2/_0
[2024-08-30 20:43:10,780][rfdiffusion.inference.model_runners][INFO] - Using contig: ['C140-190/0  80-80']
With this beta schedule (linear schedule, beta_0 = 0.04, beta_T = 0.28), alpha_bar_T = 0.00013696048699785024
Error executing job with overrides: ['inference.symmetry=C2', 'potentials.guiding_potentials=["type:olig_contacts,weight_intra:1,weight_inter:0.1"]', 'potentials.olig_intra_all=True', 'potentials.olig_inter_all=True', 'inference.output_prefix=/projects/cpr_sbmm/people/phr361/PDcomp/RF_diff/att1/C2/', 'inference.input_pdb=/projects/cpr_sbmm/people/phr361/PDcomp/CD20/structures/6vja_AB_relaxed.pdb', 'contigmap.contigs=[C140-190/0  80-80]', 'ppi.hotspot_res=[C161,C171,C172,C173,C174,C175]', 'inference.num_designs=50', 'denoiser.noise_scale_ca=0', 'denoiser.noise_scale_frame=0']
Traceback (most recent call last):
  File "/projects/cpr_software/apps/software-src/RFdiffusion/scripts/run_inference.py", line 84, in main
    x_init, seq_init = sampler.sample_init()
  File "/maps/projects/cpr_software/apps/software-src/RFdiffusion/rfdiffusion/inference/model_runners.py", line 380, in sample_init
    xt, seq_t = self.symmetry.apply_symmetry(xt, seq_t)
  File "/maps/projects/cpr_software/apps/software-src/RFdiffusion/rfdiffusion/inference/symmetry.py", line 104, in _apply_cyclic
    raise ValueError(
ValueError: Sequence length must be divisble by 2

Set the environment variable HYDRA_FULL_ERROR=1 for a complete stack trace.
